24-Mar-2025 14:48:44.870	info: Starting server in development mode...
24-Mar-2025 14:48:45.217	error: 
24-Mar-2025 14:48:45.219	error: Failed to start server: [1;91merror[0m: [1mEnvironment variable not found: DATABASE_URL.[0m
  [1;94m-->[0m  [4mschema.prisma:7[0m
[1;94m   | [0m
[1;94m 6 | [0m  provider = "mysql"
[1;94m 7 | [0m  url      = [1;91menv("DATABASE_URL")[0m
[1;94m   | [0m

Validation Error Count: 1
24-Mar-2025 14:49:35.332	info: Starting server in development mode...
24-Mar-2025 14:49:35.366	error: 
24-Mar-2025 14:49:35.371	error: Failed to start server: Can't reach database server at `localhost:3306`

Please make sure your database server is running at `localhost:3306`.
24-Mar-2025 14:50:08.651	info: Starting server in development mode...
24-Mar-2025 14:50:08.682	error: 
24-Mar-2025 14:50:08.689	error: Failed to start server: Can't reach database server at `localhost:3306`

Please make sure your database server is running at `localhost:3306`.
24-Mar-2025 15:00:26.419	info: Starting server in development mode...
24-Mar-2025 15:00:26.450	error: 
24-Mar-2025 15:00:26.458	error: Failed to start server: Can't reach database server at `localhost:3306`

Please make sure your database server is running at `localhost:3306`.
24-Mar-2025 16:03:43.421	info: Starting server in development mode...
24-Mar-2025 16:03:43.450	success: Connected to redis server
24-Mar-2025 16:03:43.476	success: Prisma connected to database
24-Mar-2025 16:03:43.479	success: Server is running on port 3000
24-Mar-2025 16:33:19.504	info: Starting server in development mode...
24-Mar-2025 16:33:19.521	success: Connected to redis server
24-Mar-2025 16:33:19.527	success: Prisma connected to database
24-Mar-2025 16:33:19.531	success: Server is running on port 3000
24-Mar-2025 16:34:05.926	info: Starting server in development mode...
24-Mar-2025 16:34:05.958	success: Connected to redis server
24-Mar-2025 16:34:05.972	success: Prisma connected to database
24-Mar-2025 16:34:05.974	success: Server is running on port 3000
25-Mar-2025 11:28:02.277	info: Starting server in development mode...
25-Mar-2025 11:28:02.315	success: Connected to redis server
25-Mar-2025 11:28:02.333	success: Prisma connected to database
25-Mar-2025 11:28:02.338	success: Server is running on port 3000
25-Mar-2025 14:01:19.389	info: Starting server in development mode...
25-Mar-2025 14:01:19.734	success: Connected to redis server
25-Mar-2025 14:01:19.745	success: Prisma connected to database
25-Mar-2025 14:01:19.752	success: Server is running on port 3000
25-Mar-2025 14:10:13.759	info: Starting server in development mode...
25-Mar-2025 14:10:14.169	success: Connected to redis server
25-Mar-2025 14:10:14.175	success: Prisma connected to database
25-Mar-2025 14:10:14.177	success: Server is running on port 3000
25-Mar-2025 14:14:32.462	info: Starting server in development mode...
25-Mar-2025 14:14:32.479	success: Connected to redis server
25-Mar-2025 14:14:32.484	success: Prisma connected to database
25-Mar-2025 14:14:32.487	success: Server is running on port 3000
25-Mar-2025 14:22:03.766	info: Starting server in development mode...
25-Mar-2025 14:22:03.796	success: Connected to redis server
25-Mar-2025 14:22:03.813	success: Prisma connected to database
25-Mar-2025 14:22:03.815	success: Server is running on port 3000
25-Mar-2025 15:54:24.040	info: Starting server in development mode...
25-Mar-2025 15:54:24.375	success: Connected to redis server
25-Mar-2025 15:54:24.382	success: Prisma connected to database
25-Mar-2025 15:54:24.387	success: Server is running on port 3000
25-Mar-2025 21:35:58.640	info: Starting server in development mode...
25-Mar-2025 21:35:58.670	success: Connected to redis server
25-Mar-2025 21:35:58.678	success: Prisma connected to database
25-Mar-2025 21:36:13.184	info: Starting server in development mode...
25-Mar-2025 21:36:13.199	success: Connected to redis server
25-Mar-2025 21:36:13.203	success: Prisma connected to database
25-Mar-2025 21:36:13.206	success: Server is running on port 3000
25-Mar-2025 21:44:59.413	info: Starting server in development mode...
25-Mar-2025 21:44:59.441	success: Connected to redis server
25-Mar-2025 21:44:59.453	success: Prisma connected to database
25-Mar-2025 21:44:59.456	success: Server is running on port 3000
25-Mar-2025 22:52:09.554	info: Starting server in development mode...
25-Mar-2025 22:52:09.579	success: Connected to redis server
25-Mar-2025 22:52:09.586	success: Prisma connected to database
25-Mar-2025 22:52:09.588	success: Server is running on port 3000
04-Apr-2025 10:23:50.873	info: Starting server in development mode...
04-Apr-2025 10:23:51.101	success: Connected to redis server
04-Apr-2025 10:23:51.117	success: Prisma connected to database
04-Apr-2025 10:23:51.121	success: Server is running on port 3000
04-Apr-2025 10:44:49.685	info: Starting server in development mode...
04-Apr-2025 10:44:49.717	success: Connected to redis server
04-Apr-2025 10:44:49.729	success: Prisma connected to database
04-Apr-2025 10:44:49.731	success: Server is running on port 3000
04-Apr-2025 10:47:27.034	info: Starting server in development mode...
04-Apr-2025 10:47:27.049	success: Connected to redis server
04-Apr-2025 10:47:27.054	success: Prisma connected to database
04-Apr-2025 10:47:27.056	success: Server is running on port 3000
04-Apr-2025 10:47:44.299	info: Starting server in development mode...
04-Apr-2025 10:47:44.313	success: Connected to redis server
04-Apr-2025 10:47:44.317	success: Prisma connected to database
04-Apr-2025 10:47:44.319	success: Server is running on port 3000
04-Apr-2025 10:48:09.959	info: Starting server in development mode...
04-Apr-2025 10:48:09.973	success: Connected to redis server
04-Apr-2025 10:48:09.977	success: Prisma connected to database
04-Apr-2025 10:48:09.980	success: Server is running on port 3000
04-Apr-2025 10:48:15.298	info: Starting server in development mode...
04-Apr-2025 10:48:15.312	success: Connected to redis server
04-Apr-2025 10:48:15.317	success: Prisma connected to database
04-Apr-2025 10:48:15.319	success: Server is running on port 3000
04-Apr-2025 10:48:35.778	info: Starting server in development mode...
04-Apr-2025 10:48:35.793	success: Connected to redis server
04-Apr-2025 10:48:35.796	success: Prisma connected to database
04-Apr-2025 10:48:35.798	success: Server is running on port 3000
04-Apr-2025 10:48:56.080	info: Starting server in development mode...
04-Apr-2025 10:48:56.095	success: Connected to redis server
04-Apr-2025 10:48:56.097	success: Prisma connected to database
04-Apr-2025 10:48:56.099	success: Server is running on port 3000
04-Apr-2025 10:49:00.705	info: Starting server in development mode...
04-Apr-2025 10:49:00.719	success: Connected to redis server
04-Apr-2025 10:49:00.723	success: Prisma connected to database
04-Apr-2025 10:49:00.726	success: Server is running on port 3000
04-Apr-2025 10:50:51.741	info: Starting server in development mode...
04-Apr-2025 10:50:51.759	success: Connected to redis server
04-Apr-2025 10:50:51.764	success: Prisma connected to database
04-Apr-2025 10:50:51.767	success: Server is running on port 3000
04-Apr-2025 10:51:02.093	info: Starting server in development mode...
04-Apr-2025 10:51:02.110	success: Connected to redis server
04-Apr-2025 10:51:02.113	success: Prisma connected to database
04-Apr-2025 10:51:02.115	success: Server is running on port 3000
04-Apr-2025 10:51:34.160	info: Starting server in development mode...
04-Apr-2025 10:51:34.175	success: Connected to redis server
04-Apr-2025 10:51:34.180	success: Prisma connected to database
04-Apr-2025 10:51:34.182	success: Server is running on port 3000
04-Apr-2025 10:59:30.837	info: Starting server in development mode...
04-Apr-2025 10:59:30.851	success: Connected to redis server
04-Apr-2025 10:59:30.856	success: Prisma connected to database
04-Apr-2025 10:59:30.858	success: Server is running on port 3000
04-Apr-2025 14:42:07.945	info: Starting server in development mode...
04-Apr-2025 14:42:07.973	success: Connected to redis server
04-Apr-2025 14:42:07.986	success: Prisma connected to database
04-Apr-2025 14:42:07.988	success: Server is running on port 3000
04-Apr-2025 14:42:11.907	info: Starting server in development mode...
04-Apr-2025 14:42:11.920	success: Connected to redis server
04-Apr-2025 14:42:11.924	success: Prisma connected to database
04-Apr-2025 14:42:11.926	success: Server is running on port 3000
04-Apr-2025 16:38:26.845	info: Starting server in development mode...
04-Apr-2025 16:38:26.870	success: Connected to redis server
04-Apr-2025 16:38:26.876	success: Prisma connected to database
04-Apr-2025 16:38:26.878	success: Server is running on port 3000
04-Apr-2025 16:40:25.554	info: Starting server in development mode...
04-Apr-2025 16:40:25.568	success: Connected to redis server
04-Apr-2025 16:40:25.573	success: Prisma connected to database
04-Apr-2025 16:40:25.575	success: Server is running on port 3000
04-Apr-2025 16:40:35.826	info: Starting server in development mode...
04-Apr-2025 16:40:35.845	success: Connected to redis server
04-Apr-2025 16:40:35.852	success: Prisma connected to database
04-Apr-2025 16:40:35.855	success: Server is running on port 3000
04-Apr-2025 16:41:59.844	info: Starting server in development mode...
04-Apr-2025 16:41:59.860	success: Connected to redis server
04-Apr-2025 16:41:59.865	success: Prisma connected to database
04-Apr-2025 16:41:59.867	success: Server is running on port 3000
04-Apr-2025 16:42:06.401	info: Starting server in development mode...
04-Apr-2025 16:42:06.415	success: Connected to redis server
04-Apr-2025 16:42:06.419	success: Prisma connected to database
04-Apr-2025 16:42:06.421	success: Server is running on port 3000
04-Apr-2025 16:42:12.337	info: Starting server in development mode...
04-Apr-2025 16:42:12.353	success: Connected to redis server
04-Apr-2025 16:42:12.357	success: Prisma connected to database
04-Apr-2025 16:42:12.359	success: Server is running on port 3000
04-Apr-2025 16:42:28.719	info: Starting server in development mode...
04-Apr-2025 16:42:28.734	success: Connected to redis server
04-Apr-2025 16:42:28.737	success: Prisma connected to database
04-Apr-2025 16:42:28.740	success: Server is running on port 3000
04-Apr-2025 16:43:08.993	info: Starting server in development mode...
04-Apr-2025 16:43:09.014	success: Connected to redis server
04-Apr-2025 16:43:09.024	success: Prisma connected to database
04-Apr-2025 16:43:09.028	success: Server is running on port 3000
04-Apr-2025 16:43:11.264	info: Starting server in development mode...
04-Apr-2025 16:43:11.277	success: Connected to redis server
04-Apr-2025 16:43:11.282	success: Prisma connected to database
04-Apr-2025 16:43:11.284	success: Server is running on port 3000
04-Apr-2025 16:43:23.505	info: Starting server in development mode...
04-Apr-2025 16:43:23.521	success: Connected to redis server
04-Apr-2025 16:43:23.526	success: Prisma connected to database
04-Apr-2025 16:43:23.528	success: Server is running on port 3000
04-Apr-2025 16:43:33.333	info: Starting server in development mode...
04-Apr-2025 16:43:33.348	success: Connected to redis server
04-Apr-2025 16:43:33.352	success: Prisma connected to database
04-Apr-2025 16:43:33.355	success: Server is running on port 3000
04-Apr-2025 16:43:36.809	info: Starting server in development mode...
04-Apr-2025 16:43:36.825	success: Connected to redis server
04-Apr-2025 16:43:36.828	success: Prisma connected to database
04-Apr-2025 16:43:36.830	success: Server is running on port 3000
04-Apr-2025 16:43:51.499	info: Starting server in development mode...
04-Apr-2025 16:43:51.516	success: Connected to redis server
04-Apr-2025 16:43:51.519	success: Prisma connected to database
04-Apr-2025 16:43:51.522	success: Server is running on port 3000
04-Apr-2025 16:43:58.941	info: Starting server in development mode...
04-Apr-2025 16:43:58.964	success: Connected to redis server
04-Apr-2025 16:43:58.970	success: Prisma connected to database
04-Apr-2025 16:43:58.972	success: Server is running on port 3000
04-Apr-2025 16:44:18.169	info: Starting server in development mode...
04-Apr-2025 16:44:18.183	success: Connected to redis server
04-Apr-2025 16:44:18.188	success: Prisma connected to database
04-Apr-2025 16:44:18.190	success: Server is running on port 3000
04-Apr-2025 16:44:47.765	info: Starting server in development mode...
04-Apr-2025 16:44:47.782	success: Connected to redis server
04-Apr-2025 16:44:47.787	success: Prisma connected to database
04-Apr-2025 16:44:47.790	success: Server is running on port 3000
04-Apr-2025 16:44:50.363	info: Starting server in development mode...
04-Apr-2025 16:44:50.378	success: Connected to redis server
04-Apr-2025 16:44:50.383	success: Prisma connected to database
04-Apr-2025 16:44:50.386	success: Server is running on port 3000
04-Apr-2025 16:48:36.494	info: Starting server in development mode...
04-Apr-2025 16:48:36.508	success: Connected to redis server
04-Apr-2025 16:48:36.513	success: Prisma connected to database
04-Apr-2025 16:48:36.515	success: Server is running on port 3000
04-Apr-2025 16:48:46.403	info: Starting server in development mode...
04-Apr-2025 16:48:46.416	success: Connected to redis server
04-Apr-2025 16:48:46.421	success: Prisma connected to database
04-Apr-2025 16:48:46.423	success: Server is running on port 3000
04-Apr-2025 16:54:54.751	info: Starting server in development mode...
04-Apr-2025 16:54:54.767	success: Connected to redis server
04-Apr-2025 16:54:54.771	success: Prisma connected to database
04-Apr-2025 16:54:54.773	success: Server is running on port 3000
04-Apr-2025 16:55:05.944	info: Starting server in development mode...
04-Apr-2025 16:55:05.957	success: Connected to redis server
04-Apr-2025 16:55:05.962	success: Prisma connected to database
04-Apr-2025 16:55:05.964	success: Server is running on port 3000
04-Apr-2025 16:55:24.542	info: Starting server in development mode...
04-Apr-2025 16:55:24.556	success: Connected to redis server
04-Apr-2025 16:55:24.561	success: Prisma connected to database
04-Apr-2025 16:55:24.563	success: Server is running on port 3000
04-Apr-2025 16:56:05.356	info: Starting server in development mode...
04-Apr-2025 16:56:05.371	success: Connected to redis server
04-Apr-2025 16:56:05.376	success: Prisma connected to database
04-Apr-2025 16:56:05.378	success: Server is running on port 3000
04-Apr-2025 17:03:19.794	info: Starting server in development mode...
04-Apr-2025 17:03:19.808	success: Connected to redis server
04-Apr-2025 17:03:19.813	success: Prisma connected to database
04-Apr-2025 17:03:19.815	success: Server is running on port 3000
04-Apr-2025 17:05:21.932	info: Starting server in development mode...
04-Apr-2025 17:05:21.946	success: Connected to redis server
04-Apr-2025 17:05:21.950	success: Prisma connected to database
04-Apr-2025 17:05:21.952	success: Server is running on port 3000
